2021-02-03 18:22:32 +0000  Initial pipeline context: <IDEDistributionProcessingPipelineContext: 0x7f7e89df44a0; archive(resolved)='<IDEArchive: 0x7f7ea43f57a0>', distributionTask(resolved)='2', distributionDestination(resolved)='1', distributionMethod(resolved)='<IDEDistributionMethodAdHoc: 0x7f7e898108c0>', team(resolved)='<IDEProvisioningDisambiguatableBasicTeam: 0x7f7ed6271e90; teamID='XLSGNTC5U8', teamName='CUBIX INC', teamType='Company', username='iphone@cubixlabs.com', isFreeProvisioningTeam='0'>'>
	Chain (13, self inclusive):
	<IDEDistributionProcessingPipelineContext: 0x7f7e89df44a0; archive = '<IDEArchive: 0x7f7ea43f57a0>', distributionMethod='<IDEDistributionMethodAdHoc: 0x7f7e898108c0>', team='<IDEProvisioningDisambiguatableBasicTeam: 0x7f7ed6271e90; teamID='XLSGNTC5U8', teamName='CUBIX INC', teamType='Company', username='iphone@cubixlabs.com', isFreeProvisioningTeam='0'>'>
	<IDEDistributionProcessingPipelineContext: 0x7f7e89dd13e0; archive = '<IDEArchive: 0x7f7ea43f57a0>', distributionMethod='<IDEDistributionMethodAdHoc: 0x7f7e898108c0>', team='<IDEProvisioningDisambiguatableBasicTeam: 0x7f7ed6271e90; teamID='XLSGNTC5U8', teamName='CUBIX INC', teamType='Company', username='iphone@cubixlabs.com', isFreeProvisioningTeam='0'>'>
	<IDEDistributionContext: 0x7f7e89dfa2e0; archive = '<IDEArchive: 0x7f7ea43f57a0>', distributionMethod='<IDEDistributionMethodAdHoc: 0x7f7e898108c0>', team='<IDEProvisioningDisambiguatableBasicTeam: 0x7f7ed6271e90; teamID='XLSGNTC5U8', teamName='CUBIX INC', teamType='Company', username='iphone@cubixlabs.com', isFreeProvisioningTeam='0'>'>
	<IDEDistributionContext: 0x7f7e89ce6690; archive = '<IDEArchive: 0x7f7ea43f57a0>', distributionMethod='<IDEDistributionMethodAdHoc: 0x7f7e898108c0>', team='<IDEProvisioningDisambiguatableBasicTeam: 0x7f7ed6271e90; teamID='XLSGNTC5U8', teamName='CUBIX INC', teamType='Company', username='iphone@cubixlabs.com', isFreeProvisioningTeam='0'>'>
	<IDEDistributionContext: 0x7f7e89cf17c0; archive = '<IDEArchive: 0x7f7ea43f57a0>', distributionMethod='<IDEDistributionMethodAdHoc: 0x7f7e898108c0>', team='<IDEProvisioningDisambiguatableBasicTeam: 0x7f7ed6271e90; teamID='XLSGNTC5U8', teamName='CUBIX INC', teamType='Company', username='iphone@cubixlabs.com', isFreeProvisioningTeam='0'>'>
	<IDEDistributionContext: 0x7f7e89ce6470; archive = '<IDEArchive: 0x7f7ea43f57a0>', distributionMethod='<IDEDistributionMethodAdHoc: 0x7f7e898108c0>', team='<IDEProvisioningDisambiguatableBasicTeam: 0x7f7ed6271e90; teamID='XLSGNTC5U8', teamName='CUBIX INC', teamType='Company', username='iphone@cubixlabs.com', isFreeProvisioningTeam='0'>'>
	<IDEDistributionContext: 0x7f7e89e3ffc0; archive = '<IDEArchive: 0x7f7ea43f57a0>', distributionMethod='<IDEDistributionMethodAdHoc: 0x7f7e898108c0>', team='<IDEProvisioningDisambiguatableBasicTeam: 0x7f7ed6271e90; teamID='XLSGNTC5U8', teamName='CUBIX INC', teamType='Company', username='iphone@cubixlabs.com', isFreeProvisioningTeam='0'>'>
	<IDEDistributionContext: 0x7f7e89e51780; archive = '<IDEArchive: 0x7f7ea43f57a0>', distributionMethod='<IDEDistributionMethodAdHoc: 0x7f7e898108c0>', team='<IDEProvisioningDisambiguatableBasicTeam: 0x7f7ed6271e90; teamID='XLSGNTC5U8', teamName='CUBIX INC', teamType='Company', username='iphone@cubixlabs.com', isFreeProvisioningTeam='0'>'>
	<IDEDistributionContext: 0x7f7e8771b9a0; archive = '<IDEArchive: 0x7f7ea43f57a0>', distributionMethod='<IDEDistributionMethodAdHoc: 0x7f7e898108c0>', team='<IDEProvisioningDisambiguatableBasicTeam: 0x7f7ed6271e90; teamID='XLSGNTC5U8', teamName='CUBIX INC', teamType='Company', username='iphone@cubixlabs.com', isFreeProvisioningTeam='0'>'>
	<IDEDistributionContext: 0x7f7e89cbdd10; archive = '<IDEArchive: 0x7f7ea43f57a0>', distributionMethod='<IDEDistributionMethodAdHoc: 0x7f7e898108c0>', team='(null)'>
	<IDEDistributionContext: 0x7f7e89e63880; archive = '<IDEArchive: 0x7f7ea43f57a0>', distributionMethod='<IDEDistributionMethodAdHoc: 0x7f7e898108c0>', team='(null)'>
	<IDEDistributionContext: 0x7f7e89e4c020; archive = '<IDEArchive: 0x7f7ea43f57a0>', distributionMethod='<IDEDistributionMethodAdHoc: 0x7f7e898108c0>', team='(null)'>
	<IDEDistributionContext: 0x7f7e89e40290; archive = '<IDEArchive: 0x7f7ea43f57a0>', distributionMethod='(null)', team='(null)'>
</IDEDistributionProcessingPipelineContext: 0x7f7e89df44a0>
2021-02-03 18:22:32 +0000  Processing step: IDEDistributionCreateDestRootStep
2021-02-03 18:22:32 +0000  Processing step: IDEDistributionCopyItemStep
2021-02-03 18:22:32 +0000  Running /usr/bin/ditto '-V' '/Users/hamashassan/Library/Developer/Xcode/Archives/2021-02-03/SurveyApp 2-3-21, 11.22 PM.xcarchive/Products/Applications/SurveyApp.app' '/var/folders/kn/0753qbc177lgt10bmm53_gbh0000gn/T/XcodeDistPipeline.~~~Le1sfE/Root/Payload/SurveyApp.app'
2021-02-03 18:22:32 +0000  >>> Copying /Users/hamashassan/Library/Developer/Xcode/Archives/2021-02-03/SurveyApp 2-3-21, 11.22 PM.xcarchive/Products/Applications/SurveyApp.app 
2021-02-03 18:22:32 +0000  copying file ./CircularStd-Book.otf ... 
2021-02-03 18:22:32 +0000  68940 bytes for ./CircularStd-Book.otf
2021-02-03 18:22:32 +0000  copying file ./_CodeSignature/CodeResources ... 
2021-02-03 18:22:32 +0000  59235 bytes for ./_CodeSignature/CodeResources
2021-02-03 18:22:32 +0000  copying file ./CircularStd-Black.otf ... 
2021-02-03 18:22:32 +0000  74500 bytes for ./CircularStd-Black.otf
2021-02-03 18:22:32 +0000  copying file ./CircularStd-Bold.otf ... 
2021-02-03 18:22:32 +0000  74368 bytes for ./CircularStd-Bold.otf
2021-02-03 18:22:32 +0000  copying file ./IQKeyboardManager.bundle/de.lproj/IQKeyboardManager.strings ... 
2021-02-03 18:22:32 +0000  489 bytes for ./IQKeyboardManager.bundle/de.lproj/IQKeyboardManager.strings
2021-02-03 18:22:32 +0000  copying file ./IQKeyboardManager.bundle/zh-Hans/IQKeyboardManager.strings ... 
2021-02-03 18:22:32 +0000  479 bytes for ./IQKeyboardManager.bundle/zh-Hans/IQKeyboardManager.strings
2021-02-03 18:22:32 +0000  copying file ./IQKeyboardManager.bundle/zh-Hant/IQKeyboardManager.strings ... 
2021-02-03 18:22:32 +0000  479 bytes for ./IQKeyboardManager.bundle/zh-Hant/IQKeyboardManager.strings
2021-02-03 18:22:32 +0000  copying file ./IQKeyboardManager.bundle/en.lproj/IQKeyboardManager.strings ... 
2021-02-03 18:22:32 +0000  474 bytes for ./IQKeyboardManager.bundle/en.lproj/IQKeyboardManager.strings
2021-02-03 18:22:32 +0000  copying file ./IQKeyboardManager.bundle/es.lproj/IQKeyboardManager.strings ... 
2021-02-03 18:22:32 +0000  496 bytes for ./IQKeyboardManager.bundle/es.lproj/IQKeyboardManager.strings
2021-02-03 18:22:32 +0000  copying file ./IQKeyboardManager.bundle/IQButtonBarArrowRight@2x.png ... 
2021-02-03 18:22:32 +0000  1786 bytes for ./IQKeyboardManager.bundle/IQButtonBarArrowRight@2x.png
2021-02-03 18:22:32 +0000  copying file ./IQKeyboardManager.bundle/IQButtonBarArrowUp@3x.png ... 
2021-02-03 18:22:32 +0000  2164 bytes for ./IQKeyboardManager.bundle/IQButtonBarArrowUp@3x.png
2021-02-03 18:22:32 +0000  copying file ./IQKeyboardManager.bundle/IQButtonBarArrowUp@2x.png ... 
2021-02-03 18:22:32 +0000  1769 bytes for ./IQKeyboardManager.bundle/IQButtonBarArrowUp@2x.png
2021-02-03 18:22:32 +0000  copying file ./IQKeyboardManager.bundle/IQButtonBarArrowRight@3x.png ... 
2021-02-03 18:22:32 +0000  1844 bytes for ./IQKeyboardManager.bundle/IQButtonBarArrowRight@3x.png
2021-02-03 18:22:32 +0000  copying file ./IQKeyboardManager.bundle/IQButtonBarArrowLeft@3x.png ... 
2021-02-03 18:22:32 +0000  1815 bytes for ./IQKeyboardManager.bundle/IQButtonBarArrowLeft@3x.png
2021-02-03 18:22:32 +0000  copying file ./IQKeyboardManager.bundle/fr.lproj/IQKeyboardManager.strings ... 
2021-02-03 18:22:32 +0000  497 bytes for ./IQKeyboardManager.bundle/fr.lproj/IQKeyboardManager.strings
2021-02-03 18:22:32 +0000  copying file ./IQKeyboardManager.bundle/IQButtonBarArrowDown@3x.png ... 
2021-02-03 18:22:32 +0000  2177 bytes for ./IQKeyboardManager.bundle/IQButtonBarArrowDown@3x.png
2021-02-03 18:22:32 +0000  copying file ./IQKeyboardManager.bundle/IQButtonBarArrowDown@2x.png ... 
2021-02-03 18:22:32 +0000  1764 bytes for ./IQKeyboardManager.bundle/IQButtonBarArrowDown@2x.png
2021-02-03 18:22:32 +0000  copying file ./IQKeyboardManager.bundle/IQButtonBarArrowLeft@2x.png ... 
2021-02-03 18:22:32 +0000  1793 bytes for ./IQKeyboardManager.bundle/IQButtonBarArrowLeft@2x.png
2021-02-03 18:22:32 +0000  copying file ./SurveyApp ... 
2021-02-03 18:22:32 +0000  75404016 bytes for ./SurveyApp
copying file ./GoogleService-Info.plist ... 
2021-02-03 18:22:32 +0000  723 bytes for ./GoogleService-Info.plist
2021-02-03 18:22:32 +0000  copying file ./Base.lproj/LaunchScreen.nib ... 
2021-02-03 18:22:32 +0000  1613 bytes for ./Base.lproj/LaunchScreen.nib
2021-02-03 18:22:32 +0000  copying file ./Assets.car ... 
2021-02-03 18:22:32 +0000  121583 bytes for ./Assets.car
copying file ./main.jsbundle ... 
2021-02-03 18:22:32 +0000  2498385 bytes for ./main.jsbundle
copying file ./embedded.mobileprovision ... 
2021-02-03 18:22:32 +0000  37198 bytes for ./embedded.mobileprovision
copying file ./CircularStd-Medium.otf ... 
74116 bytes for ./CircularStd-Medium.otf
2021-02-03 18:22:32 +0000  copying file ./assets/app.json ... 
55 bytes for ./assets/app.json
copying file ./assets/node_modules/dom-serializer/foreignNames.json ... 
3149 bytes for ./assets/node_modules/dom-serializer/foreignNames.json
2021-02-03 18:22:32 +0000  copying file ./assets/node_modules/dom-serializer/node_modules/entities/lib/maps/xml.json ... 
2021-02-03 18:22:32 +0000  64 bytes for ./assets/node_modules/dom-serializer/node_modules/entities/lib/maps/xml.json
copying file ./assets/node_modules/dom-serializer/node_modules/entities/lib/maps/decode.json ... 
468 bytes for ./assets/node_modules/dom-serializer/node_modules/entities/lib/maps/decode.json
copying file ./assets/node_modules/dom-serializer/node_modules/entities/lib/maps/entities.json ... 
2021-02-03 18:22:32 +0000  44868 bytes for ./assets/node_modules/dom-serializer/node_modules/entities/lib/maps/entities.json
copying file ./assets/node_modules/dom-serializer/node_modules/entities/lib/maps/legacy.json ... 
1961 bytes for ./assets/node_modules/dom-serializer/node_modules/entities/lib/maps/legacy.json
2021-02-03 18:22:32 +0000  copying file ./assets/node_modules/@react-navigation/stack/src/views/assets/back-icon@3x.png ... 
2021-02-03 18:22:32 +0000  761 bytes for ./assets/node_modules/@react-navigation/stack/src/views/assets/back-icon@3x.png
2021-02-03 18:22:32 +0000  copying file ./assets/node_modules/@react-navigation/stack/src/views/assets/back-icon@2x.png ... 
2021-02-03 18:22:32 +0000  405 bytes for ./assets/node_modules/@react-navigation/stack/src/views/assets/back-icon@2x.png
2021-02-03 18:22:32 +0000  copying file ./assets/node_modules/@react-navigation/stack/src/views/assets/back-icon.png ... 
2021-02-03 18:22:32 +0000  290 bytes for ./assets/node_modules/@react-navigation/stack/src/views/assets/back-icon.png
2021-02-03 18:22:32 +0000  copying file ./assets/node_modules/@react-navigation/stack/src/views/assets/back-icon-mask.png ... 
2021-02-03 18:22:32 +0000  913 bytes for ./assets/node_modules/@react-navigation/stack/src/views/assets/back-icon-mask.png
2021-02-03 18:22:32 +0000  copying file ./assets/node_modules/react-native-image-placeholder/Images/empty-image.png ... 
2021-02-03 18:22:32 +0000  3199 bytes for ./assets/node_modules/react-native-image-placeholder/Images/empty-image.png
2021-02-03 18:22:32 +0000  copying file ./assets/node_modules/react-native-datepicker/date_icon.png ... 
2021-02-03 18:22:32 +0000  1133 bytes for ./assets/node_modules/react-native-datepicker/date_icon.png
2021-02-03 18:22:32 +0000  copying file ./assets/node_modules/react-native-dropdownalert/assets/info.png ... 
2021-02-03 18:22:32 +0000  485 bytes for ./assets/node_modules/react-native-dropdownalert/assets/info.png
2021-02-03 18:22:32 +0000  copying file ./assets/node_modules/react-native-dropdownalert/assets/error@3x.png ... 
2021-02-03 18:22:32 +0000  1500 bytes for ./assets/node_modules/react-native-dropdownalert/assets/error@3x.png
2021-02-03 18:22:32 +0000  copying file ./assets/node_modules/react-native-dropdownalert/assets/warn@3x.png ... 
2021-02-03 18:22:32 +0000  691 bytes for ./assets/node_modules/react-native-dropdownalert/assets/warn@3x.png
2021-02-03 18:22:32 +0000  copying file ./assets/node_modules/react-native-dropdownalert/assets/warn@2x.png ... 
2021-02-03 18:22:32 +0000  473 bytes for ./assets/node_modules/react-native-dropdownalert/assets/warn@2x.png
2021-02-03 18:22:32 +0000  copying file ./assets/node_modules/react-native-dropdownalert/assets/error@2x.png ... 
2021-02-03 18:22:32 +0000  979 bytes for ./assets/node_modules/react-native-dropdownalert/assets/error@2x.png
2021-02-03 18:22:32 +0000  copying file ./assets/node_modules/react-native-dropdownalert/assets/info@3x.png ... 
2021-02-03 18:22:32 +0000  1483 bytes for ./assets/node_modules/react-native-dropdownalert/assets/info@3x.png
2021-02-03 18:22:32 +0000  copying file ./assets/node_modules/react-native-dropdownalert/assets/cancel@3x.png ... 
2021-02-03 18:22:32 +0000  1119 bytes for ./assets/node_modules/react-native-dropdownalert/assets/cancel@3x.png
2021-02-03 18:22:32 +0000  copying file ./assets/node_modules/react-native-dropdownalert/assets/cancel.png ... 
2021-02-03 18:22:32 +0000  414 bytes for ./assets/node_modules/react-native-dropdownalert/assets/cancel.png
2021-02-03 18:22:32 +0000  copying file ./assets/node_modules/react-native-dropdownalert/assets/success@2x.png ... 
2021-02-03 18:22:32 +0000  734 bytes for ./assets/node_modules/react-native-dropdownalert/assets/success@2x.png
2021-02-03 18:22:32 +0000  copying file ./assets/node_modules/react-native-dropdownalert/assets/success@3x.png ... 
2021-02-03 18:22:32 +0000  1028 bytes for ./assets/node_modules/react-native-dropdownalert/assets/success@3x.png
2021-02-03 18:22:32 +0000  copying file ./assets/node_modules/react-native-dropdownalert/assets/cancel@2x.png ... 
2021-02-03 18:22:32 +0000  754 bytes for ./assets/node_modules/react-native-dropdownalert/assets/cancel@2x.png
2021-02-03 18:22:32 +0000  copying file ./assets/node_modules/react-native-dropdownalert/assets/info@2x.png ... 
2021-02-03 18:22:32 +0000  953 bytes for ./assets/node_modules/react-native-dropdownalert/assets/info@2x.png
2021-02-03 18:22:32 +0000  copying file ./assets/node_modules/react-native-dropdownalert/assets/error.png ... 
2021-02-03 18:22:32 +0000  492 bytes for ./assets/node_modules/react-native-dropdownalert/assets/error.png
2021-02-03 18:22:32 +0000  copying file ./assets/node_modules/react-native-dropdownalert/assets/success.png ... 
2021-02-03 18:22:32 +0000  459 bytes for ./assets/node_modules/react-native-dropdownalert/assets/success.png
2021-02-03 18:22:32 +0000  copying file ./assets/node_modules/react-native-dropdownalert/assets/warn.png ... 
2021-02-03 18:22:32 +0000  325 bytes for ./assets/node_modules/react-native-dropdownalert/assets/warn.png
2021-02-03 18:22:32 +0000  copying file ./assets/node_modules/react-native-calendars/src/calendar/img/previous@2x.png ... 
2021-02-03 18:22:32 +0000  458 bytes for ./assets/node_modules/react-native-calendars/src/calendar/img/previous@2x.png
2021-02-03 18:22:32 +0000  copying file ./assets/node_modules/react-native-calendars/src/calendar/img/next@2x.png ... 
2021-02-03 18:22:32 +0000  462 bytes for ./assets/node_modules/react-native-calendars/src/calendar/img/next@2x.png
2021-02-03 18:22:32 +0000  copying file ./assets/node_modules/react-native-calendars/src/img/down@3x.png ... 
2021-02-03 18:22:32 +0000  508 bytes for ./assets/node_modules/react-native-calendars/src/img/down@3x.png
2021-02-03 18:22:32 +0000  copying file ./assets/node_modules/react-native-calendars/src/img/down@2x.png ... 
2021-02-03 18:22:32 +0000  354 bytes for ./assets/node_modules/react-native-calendars/src/img/down@2x.png
copying file ./assets/node_modules/react-native-calendars/src/img/up.png ... 
2021-02-03 18:22:32 +0000  215 bytes for ./assets/node_modules/react-native-calendars/src/img/up.png
copying file ./assets/node_modules/react-native-calendars/src/img/down.png ... 
2021-02-03 18:22:32 +0000  208 bytes for ./assets/node_modules/react-native-calendars/src/img/down.png
2021-02-03 18:22:32 +0000  copying file ./assets/node_modules/react-native-calendars/src/img/up@2x.png ... 
2021-02-03 18:22:32 +0000  347 bytes for ./assets/node_modules/react-native-calendars/src/img/up@2x.png
2021-02-03 18:22:32 +0000  copying file ./assets/node_modules/react-native-calendars/src/img/up@3x.png ... 
2021-02-03 18:22:32 +0000  504 bytes for ./assets/node_modules/react-native-calendars/src/img/up@3x.png
2021-02-03 18:22:32 +0000  copying file ./assets/node_modules/entities/maps/xml.json ... 
2021-02-03 18:22:32 +0000  53 bytes for ./assets/node_modules/entities/maps/xml.json
copying file ./assets/node_modules/entities/maps/decode.json ... 
2021-02-03 18:22:32 +0000  298 bytes for ./assets/node_modules/entities/maps/decode.json
copying file ./assets/node_modules/entities/maps/entities.json ... 
2021-02-03 18:22:32 +0000  40616 bytes for ./assets/node_modules/entities/maps/entities.json
2021-02-03 18:22:32 +0000  copying file ./assets/node_modules/entities/maps/legacy.json ... 
2021-02-03 18:22:32 +0000  1747 bytes for ./assets/node_modules/entities/maps/legacy.json
2021-02-03 18:22:32 +0000  copying file ./assets/src/assets/images/empty/progress@2x.png ... 
2021-02-03 18:22:32 +0000  15707 bytes for ./assets/src/assets/images/empty/progress@2x.png
2021-02-03 18:22:32 +0000  copying file ./assets/src/assets/images/empty/redeem.png ... 
2021-02-03 18:22:32 +0000  9108 bytes for ./assets/src/assets/images/empty/redeem.png
2021-02-03 18:22:32 +0000  copying file ./assets/src/assets/images/empty/new@3x.png ... 
2021-02-03 18:22:32 +0000  26786 bytes for ./assets/src/assets/images/empty/new@3x.png
2021-02-03 18:22:32 +0000  copying file ./assets/src/assets/images/empty/progress.png ... 
2021-02-03 18:22:32 +0000  6969 bytes for ./assets/src/assets/images/empty/progress.png
2021-02-03 18:22:32 +0000  copying file ./assets/src/assets/images/empty/new@2x.png ... 
2021-02-03 18:22:32 +0000  15664 bytes for ./assets/src/assets/images/empty/new@2x.png
2021-02-03 18:22:32 +0000  copying file ./assets/src/assets/images/empty/progress@3x.png ... 
2021-02-03 18:22:32 +0000  26923 bytes for ./assets/src/assets/images/empty/progress@3x.png
2021-02-03 18:22:32 +0000  copying file ./assets/src/assets/images/empty/notification@3x.png ... 
2021-02-03 18:22:32 +0000  35459 bytes for ./assets/src/assets/images/empty/notification@3x.png
2021-02-03 18:22:32 +0000  copying file ./assets/src/assets/images/empty/notification@2x.png ... 
2021-02-03 18:22:32 +0000  20613 bytes for ./assets/src/assets/images/empty/notification@2x.png
2021-02-03 18:22:32 +0000  copying file ./assets/src/assets/images/empty/redeem@2x.png ... 
2021-02-03 18:22:32 +0000  20835 bytes for ./assets/src/assets/images/empty/redeem@2x.png
2021-02-03 18:22:32 +0000  copying file ./assets/src/assets/images/empty/new.png ... 
2021-02-03 18:22:32 +0000  6933 bytes for ./assets/src/assets/images/empty/new.png
2021-02-03 18:22:32 +0000  copying file ./assets/src/assets/images/empty/redeem@3x.png ... 
2021-02-03 18:22:32 +0000  35705 bytes for ./assets/src/assets/images/empty/redeem@3x.png
2021-02-03 18:22:32 +0000  copying file ./assets/src/assets/images/empty/notification.png ... 
2021-02-03 18:22:32 +0000  8783 bytes for ./assets/src/assets/images/empty/notification.png
2021-02-03 18:22:32 +0000  copying file ./assets/src/assets/images/app_logo/app_logo@2x.png ... 
2021-02-03 18:22:32 +0000  4149 bytes for ./assets/src/assets/images/app_logo/app_logo@2x.png
2021-02-03 18:22:32 +0000  copying file ./assets/src/assets/images/app_logo/app_logo@3x.png ... 
2021-02-03 18:22:32 +0000  6406 bytes for ./assets/src/assets/images/app_logo/app_logo@3x.png
copying file ./assets/src/assets/images/app_logo/app_logo.png ... 
2021-02-03 18:22:32 +0000  2137 bytes for ./assets/src/assets/images/app_logo/app_logo.png
2021-02-03 18:22:32 +0000  copying file ./assets/src/assets/images/redeemHeader/redeemHeader@3x.png ... 
2021-02-03 18:22:32 +0000  11274 bytes for ./assets/src/assets/images/redeemHeader/redeemHeader@3x.png
2021-02-03 18:22:32 +0000  copying file ./assets/src/assets/images/redeemHeader/redeemHeader@2x.png ... 
2021-02-03 18:22:32 +0000  8115 bytes for ./assets/src/assets/images/redeemHeader/redeemHeader@2x.png
2021-02-03 18:22:32 +0000  copying file ./assets/src/assets/images/redeemHeader/redeemHeader.png ... 
2021-02-03 18:22:32 +0000  3339 bytes for ./assets/src/assets/images/redeemHeader/redeemHeader.png
2021-02-03 18:22:32 +0000  copying file ./assets/src/assets/images/card_american_express/card_american_express.png ... 
2021-02-03 18:22:32 +0000  863 bytes for ./assets/src/assets/images/card_american_express/card_american_express.png
2021-02-03 18:22:32 +0000  copying file ./assets/src/assets/images/card_american_express/card_american_express@2x.png ... 
2021-02-03 18:22:32 +0000  2239 bytes for ./assets/src/assets/images/card_american_express/card_american_express@2x.png
2021-02-03 18:22:32 +0000  copying file ./assets/src/assets/images/card_american_express/card_american_express@3x.png ... 
2021-02-03 18:22:32 +0000  3900 bytes for ./assets/src/assets/images/card_american_express/card_american_express@3x.png
2021-02-03 18:22:32 +0000  copying file ./assets/src/assets/images/avatars/avatar3@3x.png ... 
2021-02-03 18:22:32 +0000  16618 bytes for ./assets/src/assets/images/avatars/avatar3@3x.png
2021-02-03 18:22:32 +0000  copying file ./assets/src/assets/images/avatars/avatar1@2x.png ... 
2021-02-03 18:22:32 +0000  9090 bytes for ./assets/src/assets/images/avatars/avatar1@2x.png
2021-02-03 18:22:32 +0000  copying file ./assets/src/assets/images/avatars/avatar1@3x.png ... 
2021-02-03 18:22:32 +0000  14704 bytes for ./assets/src/assets/images/avatars/avatar1@3x.png
2021-02-03 18:22:32 +0000  copying file ./assets/src/assets/images/avatars/avatar3@2x.png ... 
2021-02-03 18:22:32 +0000  10285 bytes for ./assets/src/assets/images/avatars/avatar3@2x.png
2021-02-03 18:22:32 +0000  copying file ./assets/src/assets/images/avatars/avatar7@2x.png ... 
2021-02-03 18:22:32 +0000  8655 bytes for ./assets/src/assets/images/avatars/avatar7@2x.png
2021-02-03 18:22:32 +0000  copying file ./assets/src/assets/images/avatars/avatar9@3x.png ... 
2021-02-03 18:22:32 +0000  11329 bytes for ./assets/src/assets/images/avatars/avatar9@3x.png
2021-02-03 18:22:32 +0000  copying file ./assets/src/assets/images/avatars/avatar11@3x.png ... 
2021-02-03 18:22:32 +0000  13644 bytes for ./assets/src/assets/images/avatars/avatar11@3x.png
2021-02-03 18:22:32 +0000  copying file ./assets/src/assets/images/avatars/avatar5@3x.png ... 
2021-02-03 18:22:32 +0000  15109 bytes for ./assets/src/assets/images/avatars/avatar5@3x.png
2021-02-03 18:22:32 +0000  copying file ./assets/src/assets/images/avatars/avatar5@2x.png ... 
2021-02-03 18:22:32 +0000  9460 bytes for ./assets/src/assets/images/avatars/avatar5@2x.png
2021-02-03 18:22:32 +0000  copying file ./assets/src/assets/images/avatars/avatar11@2x.png ... 
2021-02-03 18:22:32 +0000  8550 bytes for ./assets/src/assets/images/avatars/avatar11@2x.png
2021-02-03 18:22:32 +0000  copying file ./assets/src/assets/images/avatars/avatar9.png ... 
2021-02-03 18:22:32 +0000  3157 bytes for ./assets/src/assets/images/avatars/avatar9.png
2021-02-03 18:22:32 +0000  copying file ./assets/src/assets/images/avatars/avatar9@2x.png ... 
2021-02-03 18:22:32 +0000  7010 bytes for ./assets/src/assets/images/avatars/avatar9@2x.png
2021-02-03 18:22:32 +0000  copying file ./assets/src/assets/images/avatars/avatar7@3x.png ... 
2021-02-03 18:22:32 +0000  13935 bytes for ./assets/src/assets/images/avatars/avatar7@3x.png
2021-02-03 18:22:32 +0000  copying file ./assets/src/assets/images/avatars/avatar8.png ... 
2021-02-03 18:22:32 +0000  3949 bytes for ./assets/src/assets/images/avatars/avatar8.png
2021-02-03 18:22:32 +0000  copying file ./assets/src/assets/images/avatars/avatar5.png ... 
2021-02-03 18:22:32 +0000  4485 bytes for ./assets/src/assets/images/avatars/avatar5.png
2021-02-03 18:22:32 +0000  copying file ./assets/src/assets/images/avatars/avatar4.png ... 
2021-02-03 18:22:32 +0000  4345 bytes for ./assets/src/assets/images/avatars/avatar4.png
2021-02-03 18:22:32 +0000  copying file ./assets/src/assets/images/avatars/avatar2@3x.png ... 
2021-02-03 18:22:32 +0000  17547 bytes for ./assets/src/assets/images/avatars/avatar2@3x.png
2021-02-03 18:22:32 +0000  copying file ./assets/src/assets/images/avatars/avatar6.png ... 
2021-02-03 18:22:32 +0000  5249 bytes for ./assets/src/assets/images/avatars/avatar6.png
2021-02-03 18:22:32 +0000  copying file ./assets/src/assets/images/avatars/avatar7.png ... 
2021-02-03 18:22:32 +0000  4018 bytes for ./assets/src/assets/images/avatars/avatar7.png
2021-02-03 18:22:32 +0000  copying file ./assets/src/assets/images/avatars/avatar3.png ... 
2021-02-03 18:22:32 +0000  4774 bytes for ./assets/src/assets/images/avatars/avatar3.png
2021-02-03 18:22:32 +0000  copying file ./assets/src/assets/images/avatars/avatar12.png ... 
2021-02-03 18:22:32 +0000  4396 bytes for ./assets/src/assets/images/avatars/avatar12.png
2021-02-03 18:22:32 +0000  copying file ./assets/src/assets/images/avatars/avatar2.png ... 
2021-02-03 18:22:32 +0000  5141 bytes for ./assets/src/assets/images/avatars/avatar2.png
2021-02-03 18:22:32 +0000  copying file ./assets/src/assets/images/avatars/avatar2@2x.png ... 
2021-02-03 18:22:32 +0000  10882 bytes for ./assets/src/assets/images/avatars/avatar2@2x.png
2021-02-03 18:22:32 +0000  copying file ./assets/src/assets/images/avatars/avatar10.png ... 
2021-02-03 18:22:32 +0000  3766 bytes for ./assets/src/assets/images/avatars/avatar10.png
2021-02-03 18:22:32 +0000  copying file ./assets/src/assets/images/avatars/avatar11.png ... 
2021-02-03 18:22:32 +0000  4131 bytes for ./assets/src/assets/images/avatars/avatar11.png
2021-02-03 18:22:32 +0000  copying file ./assets/src/assets/images/avatars/avatar1.png ... 
2021-02-03 18:22:32 +0000  4144 bytes for ./assets/src/assets/images/avatars/avatar1.png
2021-02-03 18:22:32 +0000  copying file ./assets/src/assets/images/avatars/avatar8@3x.png ... 
2021-02-03 18:22:32 +0000  13471 bytes for ./assets/src/assets/images/avatars/avatar8@3x.png
2021-02-03 18:22:32 +0000  copying file ./assets/src/assets/images/avatars/avatar4@3x.png ... 
2021-02-03 18:22:32 +0000  14936 bytes for ./assets/src/assets/images/avatars/avatar4@3x.png
2021-02-03 18:22:32 +0000  copying file ./assets/src/assets/images/avatars/avatar10@3x.png ... 
2021-02-03 18:22:32 +0000  12680 bytes for ./assets/src/assets/images/avatars/avatar10@3x.png
2021-02-03 18:22:32 +0000  copying file ./assets/src/assets/images/avatars/avatar6@2x.png ... 
2021-02-03 18:22:32 +0000  10826 bytes for ./assets/src/assets/images/avatars/avatar6@2x.png
2021-02-03 18:22:32 +0000  copying file ./assets/src/assets/images/avatars/avatar12@2x.png ... 
2021-02-03 18:22:32 +0000  9138 bytes for ./assets/src/assets/images/avatars/avatar12@2x.png
2021-02-03 18:22:32 +0000  copying file ./assets/src/assets/images/avatars/avatar12@3x.png ... 
2021-02-03 18:22:32 +0000  14495 bytes for ./assets/src/assets/images/avatars/avatar12@3x.png
2021-02-03 18:22:32 +0000  copying file ./assets/src/assets/images/avatars/avatar6@3x.png ... 
2021-02-03 18:22:32 +0000  16942 bytes for ./assets/src/assets/images/avatars/avatar6@3x.png
2021-02-03 18:22:32 +0000  copying file ./assets/src/assets/images/avatars/avatar10@2x.png ... 
2021-02-03 18:22:32 +0000  7980 bytes for ./assets/src/assets/images/avatars/avatar10@2x.png
2021-02-03 18:22:32 +0000  copying file ./assets/src/assets/images/avatars/avatar4@2x.png ... 
2021-02-03 18:22:32 +0000  9287 bytes for ./assets/src/assets/images/avatars/avatar4@2x.png
2021-02-03 18:22:32 +0000  copying file ./assets/src/assets/images/avatars/avatar8@2x.png ... 
2021-02-03 18:22:32 +0000  8419 bytes for ./assets/src/assets/images/avatars/avatar8@2x.png
2021-02-03 18:22:32 +0000  copying file ./assets/src/assets/images/quizResultBackground/quizResultBackground@3x.png ... 
2021-02-03 18:22:32 +0000  64961 bytes for ./assets/src/assets/images/quizResultBackground/quizResultBackground@3x.png
2021-02-03 18:22:32 +0000  copying file ./assets/src/assets/images/quizResultBackground/quizResultBackground@2x.png ... 
2021-02-03 18:22:32 +0000  32833 bytes for ./assets/src/assets/images/quizResultBackground/quizResultBackground@2x.png
2021-02-03 18:22:32 +0000  copying file ./assets/src/assets/images/quizResultBackground/quizResultBackground.png ... 
2021-02-03 18:22:32 +0000  11201 bytes for ./assets/src/assets/images/quizResultBackground/quizResultBackground.png
2021-02-03 18:22:32 +0000  copying file ./assets/src/assets/icons/circularTick/circularTick.png ... 
2021-02-03 18:22:32 +0000  2048 bytes for ./assets/src/assets/icons/circularTick/circularTick.png
2021-02-03 18:22:32 +0000  copying file ./assets/src/assets/icons/circularTick/circularTick@2x.png ... 
2021-02-03 18:22:32 +0000  4717 bytes for ./assets/src/assets/icons/circularTick/circularTick@2x.png
2021-02-03 18:22:32 +0000  copying file ./assets/src/assets/icons/circularTick/circularTick@3x.png ... 
2021-02-03 18:22:32 +0000  7561 bytes for ./assets/src/assets/icons/circularTick/circularTick@3x.png
2021-02-03 18:22:32 +0000  copying file ./assets/src/assets/icons/signupArrowDown/signupArrowDown@3x.png ... 
2021-02-03 18:22:32 +0000  943 bytes for ./assets/src/assets/icons/signupArrowDown/signupArrowDown@3x.png
2021-02-03 18:22:32 +0000  copying file ./assets/src/assets/icons/signupArrowDown/signupArrowDown@2x.png ... 
2021-02-03 18:22:32 +0000  620 bytes for ./assets/src/assets/icons/signupArrowDown/signupArrowDown@2x.png
2021-02-03 18:22:32 +0000  copying file ./assets/src/assets/icons/signupArrowDown/signupArrowDown.png ... 
2021-02-03 18:22:32 +0000  287 bytes for ./assets/src/assets/icons/signupArrowDown/signupArrowDown.png
2021-02-03 18:22:32 +0000  copying file ./assets/src/assets/icons/back/back@2x.png ... 
2021-02-03 18:22:32 +0000  1173 bytes for ./assets/src/assets/icons/back/back@2x.png
2021-02-03 18:22:32 +0000  copying file ./assets/src/assets/icons/back/back@3x.png ... 
2021-02-03 18:22:32 +0000  1687 bytes for ./assets/src/assets/icons/back/back@3x.png
2021-02-03 18:22:32 +0000  copying file ./assets/src/assets/icons/back/back.png ... 
2021-02-03 18:22:32 +0000  541 bytes for ./assets/src/assets/icons/back/back.png
2021-02-03 18:22:32 +0000  copying file ./assets/src/assets/icons/carrierCheck/carrierCheck.png ... 
2021-02-03 18:22:32 +0000  325 bytes for ./assets/src/assets/icons/carrierCheck/carrierCheck.png
2021-02-03 18:22:32 +0000  copying file ./assets/src/assets/icons/carrierCheck/carrierCheck@2x.png ... 
2021-02-03 18:22:32 +0000  517 bytes for ./assets/src/assets/icons/carrierCheck/carrierCheck@2x.png
2021-02-03 18:22:32 +0000  copying file ./assets/src/assets/icons/carrierCheck/carrierCheck@3x.png ... 
2021-02-03 18:22:32 +0000  649 bytes for ./assets/src/assets/icons/carrierCheck/carrierCheck@3x.png
2021-02-03 18:22:32 +0000  copying file ./assets/src/assets/icons/navigation/navigation@3x.png ... 
2021-02-03 18:22:32 +0000  1143 bytes for ./assets/src/assets/icons/navigation/navigation@3x.png
2021-02-03 18:22:32 +0000  copying file ./assets/src/assets/icons/navigation/navigation@2x.png ... 
2021-02-03 18:22:32 +0000  739 bytes for ./assets/src/assets/icons/navigation/navigation@2x.png
2021-02-03 18:22:32 +0000  copying file ./assets/src/assets/icons/navigation/navigation.png ... 
2021-02-03 18:22:32 +0000  333 bytes for ./assets/src/assets/icons/navigation/navigation.png
2021-02-03 18:22:32 +0000  copying file ./assets/src/assets/icons/quizCheck/quizCheck@3x.png ... 
2021-02-03 18:22:32 +0000  517 bytes for ./assets/src/assets/icons/quizCheck/quizCheck@3x.png
2021-02-03 18:22:32 +0000  copying file ./assets/src/assets/icons/quizCheck/quizCheck@2x.png ... 
2021-02-03 18:22:32 +0000  395 bytes for ./assets/src/assets/icons/quizCheck/quizCheck@2x.png
2021-02-03 18:22:32 +0000  copying file ./assets/src/assets/icons/quizCheck/quizCheck.png ... 
2021-02-03 18:22:32 +0000  237 bytes for ./assets/src/assets/icons/quizCheck/quizCheck.png
2021-02-03 18:22:32 +0000  copying file ./assets/src/assets/icons/quizCheck2/quizCheck2.png ... 
2021-02-03 18:22:32 +0000  363 bytes for ./assets/src/assets/icons/quizCheck2/quizCheck2.png
2021-02-03 18:22:32 +0000  copying file ./assets/src/assets/icons/quizCheck2/quizCheck2@2x.png ... 
2021-02-03 18:22:32 +0000  598 bytes for ./assets/src/assets/icons/quizCheck2/quizCheck2@2x.png
2021-02-03 18:22:32 +0000  copying file ./assets/src/assets/icons/quizCheck2/quizCheck2@3x.png ... 
2021-02-03 18:22:32 +0000  868 bytes for ./assets/src/assets/icons/quizCheck2/quizCheck2@3x.png
2021-02-03 18:22:32 +0000  copying file ./assets/src/assets/icons/thankYouCoin/thankYouCoin@3x.png ... 
2021-02-03 18:22:32 +0000  13559 bytes for ./assets/src/assets/icons/thankYouCoin/thankYouCoin@3x.png
2021-02-03 18:22:32 +0000  copying file ./assets/src/assets/icons/thankYouCoin/thankYouCoin@2x.png ... 
2021-02-03 18:22:32 +0000  7254 bytes for ./assets/src/assets/icons/thankYouCoin/thankYouCoin@2x.png
2021-02-03 18:22:32 +0000  copying file ./assets/src/assets/icons/thankYouCoin/thankYouCoin.png ... 
2021-02-03 18:22:32 +0000  2706 bytes for ./assets/src/assets/icons/thankYouCoin/thankYouCoin.png
2021-02-03 18:22:32 +0000  copying file ./assets/src/assets/icons/dashboardNotification/dashboardNotification@2x.png ... 
2021-02-03 18:22:32 +0000  912 bytes for ./assets/src/assets/icons/dashboardNotification/dashboardNotification@2x.png
2021-02-03 18:22:32 +0000  copying file ./assets/src/assets/icons/dashboardNotification/dashboardNotification@3x.png ... 
2021-02-03 18:22:32 +0000  1401 bytes for ./assets/src/assets/icons/dashboardNotification/dashboardNotification@3x.png
2021-02-03 18:22:32 +0000  copying file ./assets/src/assets/icons/dashboardNotification/dashboardNotification.png ... 
2021-02-03 18:22:32 +0000  464 bytes for ./assets/src/assets/icons/dashboardNotification/dashboardNotification.png
2021-02-03 18:22:32 +0000  copying file ./assets/src/assets/icons/dashboardCoin/dashboardCoin@2x.png ... 
2021-02-03 18:22:32 +0000  2677 bytes for ./assets/src/assets/icons/dashboardCoin/dashboardCoin@2x.png
2021-02-03 18:22:32 +0000  copying file ./assets/src/assets/icons/dashboardCoin/dashboardCoin@3x.png ... 
2021-02-03 18:22:32 +0000  4523 bytes for ./assets/src/assets/icons/dashboardCoin/dashboardCoin@3x.png
2021-02-03 18:22:32 +0000  copying file ./assets/src/assets/icons/dashboardCoin/dashboardCoin.png ... 
2021-02-03 18:22:32 +0000  1131 bytes for ./assets/src/assets/icons/dashboardCoin/dashboardCoin.png
2021-02-03 18:22:32 +0000  copying file ./assets/src/assets/icons/currency/currency.png ... 
2021-02-03 18:22:32 +0000  4028 bytes for ./assets/src/assets/icons/currency/currency.png
2021-02-03 18:22:32 +0000  copying file ./assets/src/assets/icons/currency/currency@3x.png ... 
2021-02-03 18:22:32 +0000  20222 bytes for ./assets/src/assets/icons/currency/currency@3x.png
2021-02-03 18:22:32 +0000  copying file ./assets/src/assets/icons/currency/currency@2x.png ... 
2021-02-03 18:22:32 +0000  11119 bytes for ./assets/src/assets/icons/currency/currency@2x.png
2021-02-03 18:22:32 +0000  copying file ./assets/src/localization/en.json ... 
2021-02-03 18:22:32 +0000  7423 bytes for ./assets/src/localization/en.json
2021-02-03 18:22:32 +0000  copying file ./assets/src/localization/ar.json ... 
2021-02-03 18:22:32 +0000  7342 bytes for ./assets/src/localization/ar.json
2021-02-03 18:22:32 +0000  copying file ./Info.plist ... 
2021-02-03 18:22:32 +0000  1424 bytes for ./Info.plist
2021-02-03 18:22:32 +0000  copying file ./PkgInfo ... 
2021-02-03 18:22:32 +0000  8 bytes for ./PkgInfo
2021-02-03 18:22:32 +0000  /usr/bin/ditto exited with 0
2021-02-03 18:22:32 +0000  Processing step: IDEDistributionEmbedProfileStep
2021-02-03 18:22:32 +0000  Processing step: IDEDistributionInfoPlistStep
2021-02-03 18:22:32 +0000  Skipping step: IDEDistributionInfoPlistStep because it said so
2021-02-03 18:22:32 +0000  Processing step: IDEDistributionAppThinningPlistStep
2021-02-03 18:22:32 +0000  Skipping step: IDEDistributionAppThinningPlistStep because it said so
2021-02-03 18:22:32 +0000  Processing step: IDEDistributionCompileBitcodeStep
2021-02-03 18:22:32 +0000  Skipping step: IDEDistributionCompileBitcodeStep because it said so
2021-02-03 18:22:32 +0000  Processing step: IDEDistributionCodeSlimmingStep
2021-02-03 18:22:32 +0000  Processing step: IDEDistributionCopyBCSymbolMapsStep
2021-02-03 18:22:32 +0000  Skipping step: IDEDistributionCopyBCSymbolMapsStep because it said so
2021-02-03 18:22:32 +0000  Processing step: IDEDistributionSymbolsStep
2021-02-03 18:22:32 +0000  Skipping step: IDEDistributionSymbolsStep because it said so
2021-02-03 18:22:32 +0000  Processing step: IDEDistributionAppThinningStep
2021-02-03 18:22:32 +0000  Skipping step: IDEDistributionAppThinningStep because it said so
2021-02-03 18:22:32 +0000  Processing step: IDEDistributionArchThinningStep
2021-02-03 18:22:32 +0000  Running /Users/hamashassan/Downloads/Xcode 2.app/Contents/Developer/Toolchains/XcodeDefault.xctoolchain/usr/bin/lipo '/var/folders/kn/0753qbc177lgt10bmm53_gbh0000gn/T/XcodeDistPipeline.~~~Le1sfE/Root/Payload/SurveyApp.app/SurveyApp' '-verify_arch' 'arm64e'
2021-02-03 18:22:32 +0000  /Users/hamashassan/Downloads/Xcode 2.app/Contents/Developer/Toolchains/XcodeDefault.xctoolchain/usr/bin/lipo exited with 1
2021-02-03 18:22:32 +0000  Skipping architecture thinning for item "SurveyApp" because arch "arm64e" wasn't found
2021-02-03 18:22:32 +0000  Processing step: IDEDistributionODRStep
2021-02-03 18:22:32 +0000  Processing step: IDEDistributionStripXattrsStep
2021-02-03 18:22:32 +0000  Running /usr/bin/xattr '-crs' '/var/folders/kn/0753qbc177lgt10bmm53_gbh0000gn/T/XcodeDistPipeline.~~~Le1sfE/Root/Payload/SurveyApp.app'
2021-02-03 18:22:33 +0000  /usr/bin/xattr exited with 0
2021-02-03 18:22:33 +0000  Processing step: IDEDistributionCodesignStep
2021-02-03 18:22:33 +0000  Entitlements for <IDEDistributionItem: 0x7f7e89ebcf40; bundleID='org.reactjs.native.example.SurveyApp', path='<DVTFilePath:0x7f7e89a57f80:'/Users/hamashassan/Library/Developer/Xcode/Archives/2021-02-03/SurveyApp 2-3-21, 11.22 PM.xcarchive/Products/Applications/SurveyApp.app'>', codeSigningInfo='<_DVTCodeSigningInformation_Path: 0x7f7e89ebaa70; isSigned='1', isAdHocSigned='0', signingCertificate='<DVTSigningCertificate: 0x7f7ee1ed4fe0; name='Apple Development: Asim Rais (FAX2PUZT6C)', hash='3A948EB50B2579EF4657A7EC8ED4F6CBA7C6402B', serialNumber='02E2FBF902DF69A4', certificateKinds='(
    "1.2.840.113635.100.6.1.12",
    "1.2.840.113635.100.6.1.2"
), issueDate='2021-01-10 18:47:56 +0000''>', entitlements='{
    "application-identifier" = "XLSGNTC5U8.org.reactjs.native.example.SurveyApp";
    "com.apple.developer.team-identifier" = XLSGNTC5U8;
    "get-task-allow" = 1;
    "keychain-access-groups" =     (
        "XLSGNTC5U8.org.reactjs.native.example.SurveyApp"
    );
}', teamID='XLSGNTC5U8', identifier='org.reactjs.native.example.SurveyApp', executablePath='<DVTFilePath:0x7f7e89e52590:'/Users/hamashassan/Library/Developer/Xcode/Archives/2021-02-03/SurveyApp 2-3-21, 11.22 PM.xcarchive/Products/Applications/SurveyApp.app/SurveyApp'>', hardenedRuntime='0'>'>: {
    "application-identifier" = "XLSGNTC5U8.org.reactjs.native.example.SurveyApp";
    "com.apple.developer.team-identifier" = XLSGNTC5U8;
    "get-task-allow" = 0;
    "keychain-access-groups" =     (
        "XLSGNTC5U8.org.reactjs.native.example.SurveyApp"
    );
}
2021-02-03 18:22:33 +0000  Writing entitlements for <IDEDistributionItem: 0x7f7e89ebcf40; bundleID='org.reactjs.native.example.SurveyApp', path='<DVTFilePath:0x7f7e89a57f80:'/Users/hamashassan/Library/Developer/Xcode/Archives/2021-02-03/SurveyApp 2-3-21, 11.22 PM.xcarchive/Products/Applications/SurveyApp.app'>', codeSigningInfo='<_DVTCodeSigningInformation_Path: 0x7f7e89ebaa70; isSigned='1', isAdHocSigned='0', signingCertificate='<DVTSigningCertificate: 0x7f7e89e76590; name='Apple Development: Asim Rais (FAX2PUZT6C)', hash='3A948EB50B2579EF4657A7EC8ED4F6CBA7C6402B', serialNumber='02E2FBF902DF69A4', certificateKinds='(
    "1.2.840.113635.100.6.1.12",
    "1.2.840.113635.100.6.1.2"
), issueDate='2021-01-10 18:47:56 +0000''>', entitlements='{
    "application-identifier" = "XLSGNTC5U8.org.reactjs.native.example.SurveyApp";
    "com.apple.developer.team-identifier" = XLSGNTC5U8;
    "get-task-allow" = 1;
    "keychain-access-groups" =     (
        "XLSGNTC5U8.org.reactjs.native.example.SurveyApp"
    );
}', teamID='XLSGNTC5U8', identifier='org.reactjs.native.example.SurveyApp', executablePath='<DVTFilePath:0x7f7e89e52590:'/Users/hamashassan/Library/Developer/Xcode/Archives/2021-02-03/SurveyApp 2-3-21, 11.22 PM.xcarchive/Products/Applications/SurveyApp.app/SurveyApp'>', hardenedRuntime='0'>'> to: /var/folders/kn/0753qbc177lgt10bmm53_gbh0000gn/T/XcodeDistPipeline.~~~Le1sfE/entitlements~~~7QC7bm
2021-02-03 18:22:33 +0000  Running /usr/bin/codesign '-vvv' '--force' '--sign' 'BB4D070F8DD9BC7C56CCA0C8C39BF730BD5A06EF' '--entitlements' '/var/folders/kn/0753qbc177lgt10bmm53_gbh0000gn/T/XcodeDistPipeline.~~~Le1sfE/entitlements~~~7QC7bm' '--preserve-metadata=identifier,flags,runtime' '/var/folders/kn/0753qbc177lgt10bmm53_gbh0000gn/T/XcodeDistPipeline.~~~Le1sfE/Root/Payload/SurveyApp.app'
2021-02-03 18:22:33 +0000  /var/folders/kn/0753qbc177lgt10bmm53_gbh0000gn/T/XcodeDistPipeline.~~~Le1sfE/Root/Payload/SurveyApp.app: signed app bundle with Mach-O universal (armv7 arm64) [org.reactjs.native.example.SurveyApp]
2021-02-03 18:22:33 +0000  /usr/bin/codesign exited with 0
2021-02-03 18:22:33 +0000  Processing step: IDEDistributionZipODRItemStep
2021-02-03 18:22:33 +0000  Skipping step: IDEDistributionZipODRItemStep because it said so
2021-02-03 18:22:33 +0000  Processing step: IDEDistributionCreateIPAStep
2021-02-03 18:22:33 +0000  Running /usr/bin/ditto '-V' '-c' '-k' '--norsrc' '/var/folders/kn/0753qbc177lgt10bmm53_gbh0000gn/T/XcodeDistPipeline.~~~Le1sfE/Root' '/var/folders/kn/0753qbc177lgt10bmm53_gbh0000gn/T/XcodeDistPipeline.~~~Le1sfE/Packages/SurveyApp.ipa'
2021-02-03 18:22:33 +0000  >>> Copying /var/folders/kn/0753qbc177lgt10bmm53_gbh0000gn/T/XcodeDistPipeline.~~~Le1sfE/Root 
2021-02-03 18:22:33 +0000  copying file ./Payload/SurveyApp.app/CircularStd-Book.otf ... 
2021-02-03 18:22:33 +0000  68940 bytes for ./Payload/SurveyApp.app/CircularStd-Book.otf
2021-02-03 18:22:33 +0000  copying file ./Payload/SurveyApp.app/_CodeSignature/CodeResources ... 
2021-02-03 18:22:33 +0000  59235 bytes for ./Payload/SurveyApp.app/_CodeSignature/CodeResources
2021-02-03 18:22:33 +0000  copying file ./Payload/SurveyApp.app/CircularStd-Black.otf ... 
2021-02-03 18:22:33 +0000  74500 bytes for ./Payload/SurveyApp.app/CircularStd-Black.otf
copying file ./Payload/SurveyApp.app/CircularStd-Bold.otf ... 
2021-02-03 18:22:33 +0000  74368 bytes for ./Payload/SurveyApp.app/CircularStd-Bold.otf
2021-02-03 18:22:33 +0000  copying file ./Payload/SurveyApp.app/IQKeyboardManager.bundle/de.lproj/IQKeyboardManager.strings ... 
2021-02-03 18:22:33 +0000  489 bytes for ./Payload/SurveyApp.app/IQKeyboardManager.bundle/de.lproj/IQKeyboardManager.strings
2021-02-03 18:22:33 +0000  copying file ./Payload/SurveyApp.app/IQKeyboardManager.bundle/zh-Hans/IQKeyboardManager.strings ... 
2021-02-03 18:22:33 +0000  479 bytes for ./Payload/SurveyApp.app/IQKeyboardManager.bundle/zh-Hans/IQKeyboardManager.strings
2021-02-03 18:22:33 +0000  copying file ./Payload/SurveyApp.app/IQKeyboardManager.bundle/zh-Hant/IQKeyboardManager.strings ... 
2021-02-03 18:22:33 +0000  479 bytes for ./Payload/SurveyApp.app/IQKeyboardManager.bundle/zh-Hant/IQKeyboardManager.strings
2021-02-03 18:22:33 +0000  copying file ./Payload/SurveyApp.app/IQKeyboardManager.bundle/en.lproj/IQKeyboardManager.strings ... 
2021-02-03 18:22:33 +0000  474 bytes for ./Payload/SurveyApp.app/IQKeyboardManager.bundle/en.lproj/IQKeyboardManager.strings
2021-02-03 18:22:33 +0000  copying file ./Payload/SurveyApp.app/IQKeyboardManager.bundle/es.lproj/IQKeyboardManager.strings ... 
2021-02-03 18:22:33 +0000  496 bytes for ./Payload/SurveyApp.app/IQKeyboardManager.bundle/es.lproj/IQKeyboardManager.strings
2021-02-03 18:22:33 +0000  copying file ./Payload/SurveyApp.app/IQKeyboardManager.bundle/IQButtonBarArrowRight@2x.png ... 
2021-02-03 18:22:33 +0000  1786 bytes for ./Payload/SurveyApp.app/IQKeyboardManager.bundle/IQButtonBarArrowRight@2x.png
copying file ./Payload/SurveyApp.app/IQKeyboardManager.bundle/IQButtonBarArrowUp@3x.png ... 
2021-02-03 18:22:33 +0000  2164 bytes for ./Payload/SurveyApp.app/IQKeyboardManager.bundle/IQButtonBarArrowUp@3x.png
copying file ./Payload/SurveyApp.app/IQKeyboardManager.bundle/IQButtonBarArrowUp@2x.png ... 
2021-02-03 18:22:33 +0000  1769 bytes for ./Payload/SurveyApp.app/IQKeyboardManager.bundle/IQButtonBarArrowUp@2x.png
copying file ./Payload/SurveyApp.app/IQKeyboardManager.bundle/IQButtonBarArrowRight@3x.png ... 
2021-02-03 18:22:33 +0000  1844 bytes for ./Payload/SurveyApp.app/IQKeyboardManager.bundle/IQButtonBarArrowRight@3x.png
copying file ./Payload/SurveyApp.app/IQKeyboardManager.bundle/IQButtonBarArrowLeft@3x.png ... 
2021-02-03 18:22:33 +0000  1815 bytes for ./Payload/SurveyApp.app/IQKeyboardManager.bundle/IQButtonBarArrowLeft@3x.png
2021-02-03 18:22:33 +0000  copying file ./Payload/SurveyApp.app/IQKeyboardManager.bundle/fr.lproj/IQKeyboardManager.strings ... 
2021-02-03 18:22:33 +0000  497 bytes for ./Payload/SurveyApp.app/IQKeyboardManager.bundle/fr.lproj/IQKeyboardManager.strings
copying file ./Payload/SurveyApp.app/IQKeyboardManager.bundle/IQButtonBarArrowDown@3x.png ... 
2021-02-03 18:22:33 +0000  2177 bytes for ./Payload/SurveyApp.app/IQKeyboardManager.bundle/IQButtonBarArrowDown@3x.png
copying file ./Payload/SurveyApp.app/IQKeyboardManager.bundle/IQButtonBarArrowDown@2x.png ... 
2021-02-03 18:22:33 +0000  1764 bytes for ./Payload/SurveyApp.app/IQKeyboardManager.bundle/IQButtonBarArrowDown@2x.png
copying file ./Payload/SurveyApp.app/IQKeyboardManager.bundle/IQButtonBarArrowLeft@2x.png ... 
2021-02-03 18:22:33 +0000  1793 bytes for ./Payload/SurveyApp.app/IQKeyboardManager.bundle/IQButtonBarArrowLeft@2x.png
2021-02-03 18:22:33 +0000  copying file ./Payload/SurveyApp.app/SurveyApp ... 
2021-02-03 18:22:34 +0000  9868272 bytes for ./Payload/SurveyApp.app/SurveyApp
copying file ./Payload/SurveyApp.app/GoogleService-Info.plist ... 
2021-02-03 18:22:34 +0000  723 bytes for ./Payload/SurveyApp.app/GoogleService-Info.plist
copying file ./Payload/SurveyApp.app/Base.lproj/LaunchScreen.nib ... 
1613 bytes for ./Payload/SurveyApp.app/Base.lproj/LaunchScreen.nib
copying file ./Payload/SurveyApp.app/Assets.car ... 
2021-02-03 18:22:34 +0000  121583 bytes for ./Payload/SurveyApp.app/Assets.car
copying file ./Payload/SurveyApp.app/main.jsbundle ... 
2021-02-03 18:22:34 +0000  2498385 bytes for ./Payload/SurveyApp.app/main.jsbundle
copying file ./Payload/SurveyApp.app/embedded.mobileprovision ... 
2021-02-03 18:22:34 +0000  9766 bytes for ./Payload/SurveyApp.app/embedded.mobileprovision
2021-02-03 18:22:34 +0000  copying file ./Payload/SurveyApp.app/CircularStd-Medium.otf ... 
2021-02-03 18:22:34 +0000  74116 bytes for ./Payload/SurveyApp.app/CircularStd-Medium.otf
2021-02-03 18:22:34 +0000  copying file ./Payload/SurveyApp.app/assets/app.json ... 
2021-02-03 18:22:34 +0000  55 bytes for ./Payload/SurveyApp.app/assets/app.json
2021-02-03 18:22:34 +0000  copying file ./Payload/SurveyApp.app/assets/node_modules/dom-serializer/foreignNames.json ... 
2021-02-03 18:22:34 +0000  3149 bytes for ./Payload/SurveyApp.app/assets/node_modules/dom-serializer/foreignNames.json
2021-02-03 18:22:34 +0000  copying file ./Payload/SurveyApp.app/assets/node_modules/dom-serializer/node_modules/entities/lib/maps/xml.json ... 
2021-02-03 18:22:34 +0000  64 bytes for ./Payload/SurveyApp.app/assets/node_modules/dom-serializer/node_modules/entities/lib/maps/xml.json
copying file ./Payload/SurveyApp.app/assets/node_modules/dom-serializer/node_modules/entities/lib/maps/decode.json ... 
2021-02-03 18:22:34 +0000  468 bytes for ./Payload/SurveyApp.app/assets/node_modules/dom-serializer/node_modules/entities/lib/maps/decode.json
2021-02-03 18:22:34 +0000  copying file ./Payload/SurveyApp.app/assets/node_modules/dom-serializer/node_modules/entities/lib/maps/entities.json ... 
2021-02-03 18:22:34 +0000  44868 bytes for ./Payload/SurveyApp.app/assets/node_modules/dom-serializer/node_modules/entities/lib/maps/entities.json
2021-02-03 18:22:34 +0000  copying file ./Payload/SurveyApp.app/assets/node_modules/dom-serializer/node_modules/entities/lib/maps/legacy.json ... 
2021-02-03 18:22:34 +0000  1961 bytes for ./Payload/SurveyApp.app/assets/node_modules/dom-serializer/node_modules/entities/lib/maps/legacy.json
2021-02-03 18:22:34 +0000  copying file ./Payload/SurveyApp.app/assets/node_modules/@react-navigation/stack/src/views/assets/back-icon@3x.png ... 
2021-02-03 18:22:34 +0000  761 bytes for ./Payload/SurveyApp.app/assets/node_modules/@react-navigation/stack/src/views/assets/back-icon@3x.png
copying file ./Payload/SurveyApp.app/assets/node_modules/@react-navigation/stack/src/views/assets/back-icon@2x.png ... 
2021-02-03 18:22:34 +0000  405 bytes for ./Payload/SurveyApp.app/assets/node_modules/@react-navigation/stack/src/views/assets/back-icon@2x.png
copying file ./Payload/SurveyApp.app/assets/node_modules/@react-navigation/stack/src/views/assets/back-icon.png ... 
2021-02-03 18:22:34 +0000  290 bytes for ./Payload/SurveyApp.app/assets/node_modules/@react-navigation/stack/src/views/assets/back-icon.png
2021-02-03 18:22:34 +0000  copying file ./Payload/SurveyApp.app/assets/node_modules/@react-navigation/stack/src/views/assets/back-icon-mask.png ... 
2021-02-03 18:22:34 +0000  913 bytes for ./Payload/SurveyApp.app/assets/node_modules/@react-navigation/stack/src/views/assets/back-icon-mask.png
2021-02-03 18:22:34 +0000  copying file ./Payload/SurveyApp.app/assets/node_modules/react-native-image-placeholder/Images/empty-image.png ... 
2021-02-03 18:22:34 +0000  3199 bytes for ./Payload/SurveyApp.app/assets/node_modules/react-native-image-placeholder/Images/empty-image.png
2021-02-03 18:22:34 +0000  copying file ./Payload/SurveyApp.app/assets/node_modules/react-native-datepicker/date_icon.png ... 
2021-02-03 18:22:34 +0000  1133 bytes for ./Payload/SurveyApp.app/assets/node_modules/react-native-datepicker/date_icon.png
2021-02-03 18:22:34 +0000  copying file ./Payload/SurveyApp.app/assets/node_modules/react-native-dropdownalert/assets/info.png ... 
2021-02-03 18:22:34 +0000  485 bytes for ./Payload/SurveyApp.app/assets/node_modules/react-native-dropdownalert/assets/info.png
2021-02-03 18:22:34 +0000  copying file ./Payload/SurveyApp.app/assets/node_modules/react-native-dropdownalert/assets/error@3x.png ... 
2021-02-03 18:22:34 +0000  1500 bytes for ./Payload/SurveyApp.app/assets/node_modules/react-native-dropdownalert/assets/error@3x.png
copying file ./Payload/SurveyApp.app/assets/node_modules/react-native-dropdownalert/assets/warn@3x.png ... 
2021-02-03 18:22:34 +0000  691 bytes for ./Payload/SurveyApp.app/assets/node_modules/react-native-dropdownalert/assets/warn@3x.png
copying file ./Payload/SurveyApp.app/assets/node_modules/react-native-dropdownalert/assets/warn@2x.png ... 
2021-02-03 18:22:34 +0000  473 bytes for ./Payload/SurveyApp.app/assets/node_modules/react-native-dropdownalert/assets/warn@2x.png
2021-02-03 18:22:34 +0000  copying file ./Payload/SurveyApp.app/assets/node_modules/react-native-dropdownalert/assets/error@2x.png ... 
2021-02-03 18:22:34 +0000  979 bytes for ./Payload/SurveyApp.app/assets/node_modules/react-native-dropdownalert/assets/error@2x.png
copying file ./Payload/SurveyApp.app/assets/node_modules/react-native-dropdownalert/assets/info@3x.png ... 
2021-02-03 18:22:34 +0000  1483 bytes for ./Payload/SurveyApp.app/assets/node_modules/react-native-dropdownalert/assets/info@3x.png
2021-02-03 18:22:34 +0000  copying file ./Payload/SurveyApp.app/assets/node_modules/react-native-dropdownalert/assets/cancel@3x.png ... 
2021-02-03 18:22:34 +0000  1119 bytes for ./Payload/SurveyApp.app/assets/node_modules/react-native-dropdownalert/assets/cancel@3x.png
copying file ./Payload/SurveyApp.app/assets/node_modules/react-native-dropdownalert/assets/cancel.png ... 
2021-02-03 18:22:34 +0000  414 bytes for ./Payload/SurveyApp.app/assets/node_modules/react-native-dropdownalert/assets/cancel.png
2021-02-03 18:22:34 +0000  copying file ./Payload/SurveyApp.app/assets/node_modules/react-native-dropdownalert/assets/success@2x.png ... 
2021-02-03 18:22:34 +0000  734 bytes for ./Payload/SurveyApp.app/assets/node_modules/react-native-dropdownalert/assets/success@2x.png
2021-02-03 18:22:34 +0000  copying file ./Payload/SurveyApp.app/assets/node_modules/react-native-dropdownalert/assets/success@3x.png ... 
2021-02-03 18:22:34 +0000  1028 bytes for ./Payload/SurveyApp.app/assets/node_modules/react-native-dropdownalert/assets/success@3x.png
copying file ./Payload/SurveyApp.app/assets/node_modules/react-native-dropdownalert/assets/cancel@2x.png ... 
2021-02-03 18:22:34 +0000  754 bytes for ./Payload/SurveyApp.app/assets/node_modules/react-native-dropdownalert/assets/cancel@2x.png
2021-02-03 18:22:34 +0000  copying file ./Payload/SurveyApp.app/assets/node_modules/react-native-dropdownalert/assets/info@2x.png ... 
2021-02-03 18:22:34 +0000  953 bytes for ./Payload/SurveyApp.app/assets/node_modules/react-native-dropdownalert/assets/info@2x.png
2021-02-03 18:22:34 +0000  copying file ./Payload/SurveyApp.app/assets/node_modules/react-native-dropdownalert/assets/error.png ... 
2021-02-03 18:22:34 +0000  492 bytes for ./Payload/SurveyApp.app/assets/node_modules/react-native-dropdownalert/assets/error.png
copying file ./Payload/SurveyApp.app/assets/node_modules/react-native-dropdownalert/assets/success.png ... 
2021-02-03 18:22:34 +0000  459 bytes for ./Payload/SurveyApp.app/assets/node_modules/react-native-dropdownalert/assets/success.png
2021-02-03 18:22:34 +0000  copying file ./Payload/SurveyApp.app/assets/node_modules/react-native-dropdownalert/assets/warn.png ... 
2021-02-03 18:22:34 +0000  325 bytes for ./Payload/SurveyApp.app/assets/node_modules/react-native-dropdownalert/assets/warn.png
2021-02-03 18:22:34 +0000  copying file ./Payload/SurveyApp.app/assets/node_modules/react-native-calendars/src/calendar/img/previous@2x.png ... 
2021-02-03 18:22:34 +0000  458 bytes for ./Payload/SurveyApp.app/assets/node_modules/react-native-calendars/src/calendar/img/previous@2x.png
2021-02-03 18:22:34 +0000  copying file ./Payload/SurveyApp.app/assets/node_modules/react-native-calendars/src/calendar/img/next@2x.png ... 
2021-02-03 18:22:34 +0000  462 bytes for ./Payload/SurveyApp.app/assets/node_modules/react-native-calendars/src/calendar/img/next@2x.png
2021-02-03 18:22:34 +0000  copying file ./Payload/SurveyApp.app/assets/node_modules/react-native-calendars/src/img/down@3x.png ... 
2021-02-03 18:22:34 +0000  508 bytes for ./Payload/SurveyApp.app/assets/node_modules/react-native-calendars/src/img/down@3x.png
2021-02-03 18:22:34 +0000  copying file ./Payload/SurveyApp.app/assets/node_modules/react-native-calendars/src/img/down@2x.png ... 
2021-02-03 18:22:34 +0000  354 bytes for ./Payload/SurveyApp.app/assets/node_modules/react-native-calendars/src/img/down@2x.png
copying file ./Payload/SurveyApp.app/assets/node_modules/react-native-calendars/src/img/up.png ... 
2021-02-03 18:22:34 +0000  215 bytes for ./Payload/SurveyApp.app/assets/node_modules/react-native-calendars/src/img/up.png
2021-02-03 18:22:34 +0000  copying file ./Payload/SurveyApp.app/assets/node_modules/react-native-calendars/src/img/down.png ... 
2021-02-03 18:22:34 +0000  208 bytes for ./Payload/SurveyApp.app/assets/node_modules/react-native-calendars/src/img/down.png
2021-02-03 18:22:34 +0000  copying file ./Payload/SurveyApp.app/assets/node_modules/react-native-calendars/src/img/up@2x.png ... 
2021-02-03 18:22:34 +0000  347 bytes for ./Payload/SurveyApp.app/assets/node_modules/react-native-calendars/src/img/up@2x.png
2021-02-03 18:22:34 +0000  copying file ./Payload/SurveyApp.app/assets/node_modules/react-native-calendars/src/img/up@3x.png ... 
2021-02-03 18:22:34 +0000  504 bytes for ./Payload/SurveyApp.app/assets/node_modules/react-native-calendars/src/img/up@3x.png
2021-02-03 18:22:34 +0000  copying file ./Payload/SurveyApp.app/assets/node_modules/entities/maps/xml.json ... 
2021-02-03 18:22:34 +0000  53 bytes for ./Payload/SurveyApp.app/assets/node_modules/entities/maps/xml.json
copying file ./Payload/SurveyApp.app/assets/node_modules/entities/maps/decode.json ... 
2021-02-03 18:22:34 +0000  298 bytes for ./Payload/SurveyApp.app/assets/node_modules/entities/maps/decode.json
copying file ./Payload/SurveyApp.app/assets/node_modules/entities/maps/entities.json ... 
2021-02-03 18:22:34 +0000  40616 bytes for ./Payload/SurveyApp.app/assets/node_modules/entities/maps/entities.json
copying file ./Payload/SurveyApp.app/assets/node_modules/entities/maps/legacy.json ... 
2021-02-03 18:22:34 +0000  1747 bytes for ./Payload/SurveyApp.app/assets/node_modules/entities/maps/legacy.json
2021-02-03 18:22:34 +0000  copying file ./Payload/SurveyApp.app/assets/src/assets/images/empty/progress@2x.png ... 
2021-02-03 18:22:34 +0000  15707 bytes for ./Payload/SurveyApp.app/assets/src/assets/images/empty/progress@2x.png
copying file ./Payload/SurveyApp.app/assets/src/assets/images/empty/redeem.png ... 
2021-02-03 18:22:34 +0000  9108 bytes for ./Payload/SurveyApp.app/assets/src/assets/images/empty/redeem.png
2021-02-03 18:22:34 +0000  copying file ./Payload/SurveyApp.app/assets/src/assets/images/empty/new@3x.png ... 
2021-02-03 18:22:34 +0000  26786 bytes for ./Payload/SurveyApp.app/assets/src/assets/images/empty/new@3x.png
2021-02-03 18:22:34 +0000  copying file ./Payload/SurveyApp.app/assets/src/assets/images/empty/progress.png ... 
2021-02-03 18:22:34 +0000  6969 bytes for ./Payload/SurveyApp.app/assets/src/assets/images/empty/progress.png
2021-02-03 18:22:34 +0000  copying file ./Payload/SurveyApp.app/assets/src/assets/images/empty/new@2x.png ... 
2021-02-03 18:22:34 +0000  15664 bytes for ./Payload/SurveyApp.app/assets/src/assets/images/empty/new@2x.png
copying file ./Payload/SurveyApp.app/assets/src/assets/images/empty/progress@3x.png ... 
2021-02-03 18:22:34 +0000  26923 bytes for ./Payload/SurveyApp.app/assets/src/assets/images/empty/progress@3x.png
2021-02-03 18:22:34 +0000  copying file ./Payload/SurveyApp.app/assets/src/assets/images/empty/notification@3x.png ... 
2021-02-03 18:22:34 +0000  35459 bytes for ./Payload/SurveyApp.app/assets/src/assets/images/empty/notification@3x.png
2021-02-03 18:22:34 +0000  copying file ./Payload/SurveyApp.app/assets/src/assets/images/empty/notification@2x.png ... 
2021-02-03 18:22:34 +0000  20613 bytes for ./Payload/SurveyApp.app/assets/src/assets/images/empty/notification@2x.png
copying file ./Payload/SurveyApp.app/assets/src/assets/images/empty/redeem@2x.png ... 
2021-02-03 18:22:34 +0000  20835 bytes for ./Payload/SurveyApp.app/assets/src/assets/images/empty/redeem@2x.png
copying file ./Payload/SurveyApp.app/assets/src/assets/images/empty/new.png ... 
2021-02-03 18:22:34 +0000  6933 bytes for ./Payload/SurveyApp.app/assets/src/assets/images/empty/new.png
copying file ./Payload/SurveyApp.app/assets/src/assets/images/empty/redeem@3x.png ... 
2021-02-03 18:22:34 +0000  35705 bytes for ./Payload/SurveyApp.app/assets/src/assets/images/empty/redeem@3x.png
copying file ./Payload/SurveyApp.app/assets/src/assets/images/empty/notification.png ... 
2021-02-03 18:22:34 +0000  8783 bytes for ./Payload/SurveyApp.app/assets/src/assets/images/empty/notification.png
2021-02-03 18:22:34 +0000  copying file ./Payload/SurveyApp.app/assets/src/assets/images/app_logo/app_logo@2x.png ... 
2021-02-03 18:22:34 +0000  4149 bytes for ./Payload/SurveyApp.app/assets/src/assets/images/app_logo/app_logo@2x.png
copying file ./Payload/SurveyApp.app/assets/src/assets/images/app_logo/app_logo@3x.png ... 
2021-02-03 18:22:34 +0000  6406 bytes for ./Payload/SurveyApp.app/assets/src/assets/images/app_logo/app_logo@3x.png
copying file ./Payload/SurveyApp.app/assets/src/assets/images/app_logo/app_logo.png ... 
2021-02-03 18:22:34 +0000  2137 bytes for ./Payload/SurveyApp.app/assets/src/assets/images/app_logo/app_logo.png
2021-02-03 18:22:34 +0000  copying file ./Payload/SurveyApp.app/assets/src/assets/images/redeemHeader/redeemHeader@3x.png ... 
2021-02-03 18:22:34 +0000  11274 bytes for ./Payload/SurveyApp.app/assets/src/assets/images/redeemHeader/redeemHeader@3x.png
copying file ./Payload/SurveyApp.app/assets/src/assets/images/redeemHeader/redeemHeader@2x.png ... 
2021-02-03 18:22:34 +0000  8115 bytes for ./Payload/SurveyApp.app/assets/src/assets/images/redeemHeader/redeemHeader@2x.png
copying file ./Payload/SurveyApp.app/assets/src/assets/images/redeemHeader/redeemHeader.png ... 
2021-02-03 18:22:34 +0000  3339 bytes for ./Payload/SurveyApp.app/assets/src/assets/images/redeemHeader/redeemHeader.png
2021-02-03 18:22:34 +0000  copying file ./Payload/SurveyApp.app/assets/src/assets/images/card_american_express/card_american_express.png ... 
2021-02-03 18:22:34 +0000  863 bytes for ./Payload/SurveyApp.app/assets/src/assets/images/card_american_express/card_american_express.png
copying file ./Payload/SurveyApp.app/assets/src/assets/images/card_american_express/card_american_express@2x.png ... 
2021-02-03 18:22:34 +0000  2239 bytes for ./Payload/SurveyApp.app/assets/src/assets/images/card_american_express/card_american_express@2x.png
copying file ./Payload/SurveyApp.app/assets/src/assets/images/card_american_express/card_american_express@3x.png ... 
2021-02-03 18:22:34 +0000  3900 bytes for ./Payload/SurveyApp.app/assets/src/assets/images/card_american_express/card_american_express@3x.png
2021-02-03 18:22:34 +0000  copying file ./Payload/SurveyApp.app/assets/src/assets/images/avatars/avatar3@3x.png ... 
2021-02-03 18:22:34 +0000  16618 bytes for ./Payload/SurveyApp.app/assets/src/assets/images/avatars/avatar3@3x.png
copying file ./Payload/SurveyApp.app/assets/src/assets/images/avatars/avatar1@2x.png ... 
2021-02-03 18:22:34 +0000  9090 bytes for ./Payload/SurveyApp.app/assets/src/assets/images/avatars/avatar1@2x.png
copying file ./Payload/SurveyApp.app/assets/src/assets/images/avatars/avatar1@3x.png ... 
2021-02-03 18:22:34 +0000  14704 bytes for ./Payload/SurveyApp.app/assets/src/assets/images/avatars/avatar1@3x.png
copying file ./Payload/SurveyApp.app/assets/src/assets/images/avatars/avatar3@2x.png ... 
2021-02-03 18:22:34 +0000  10285 bytes for ./Payload/SurveyApp.app/assets/src/assets/images/avatars/avatar3@2x.png
copying file ./Payload/SurveyApp.app/assets/src/assets/images/avatars/avatar7@2x.png ... 
2021-02-03 18:22:34 +0000  8655 bytes for ./Payload/SurveyApp.app/assets/src/assets/images/avatars/avatar7@2x.png
2021-02-03 18:22:34 +0000  copying file ./Payload/SurveyApp.app/assets/src/assets/images/avatars/avatar9@3x.png ... 
2021-02-03 18:22:34 +0000  11329 bytes for ./Payload/SurveyApp.app/assets/src/assets/images/avatars/avatar9@3x.png
copying file ./Payload/SurveyApp.app/assets/src/assets/images/avatars/avatar11@3x.png ... 
2021-02-03 18:22:34 +0000  13644 bytes for ./Payload/SurveyApp.app/assets/src/assets/images/avatars/avatar11@3x.png
copying file ./Payload/SurveyApp.app/assets/src/assets/images/avatars/avatar5@3x.png ... 
2021-02-03 18:22:34 +0000  15109 bytes for ./Payload/SurveyApp.app/assets/src/assets/images/avatars/avatar5@3x.png
copying file ./Payload/SurveyApp.app/assets/src/assets/images/avatars/avatar5@2x.png ... 
2021-02-03 18:22:34 +0000  9460 bytes for ./Payload/SurveyApp.app/assets/src/assets/images/avatars/avatar5@2x.png
copying file ./Payload/SurveyApp.app/assets/src/assets/images/avatars/avatar11@2x.png ... 
2021-02-03 18:22:34 +0000  8550 bytes for ./Payload/SurveyApp.app/assets/src/assets/images/avatars/avatar11@2x.png
2021-02-03 18:22:34 +0000  copying file ./Payload/SurveyApp.app/assets/src/assets/images/avatars/avatar9.png ... 
2021-02-03 18:22:34 +0000  3157 bytes for ./Payload/SurveyApp.app/assets/src/assets/images/avatars/avatar9.png
copying file ./Payload/SurveyApp.app/assets/src/assets/images/avatars/avatar9@2x.png ... 
2021-02-03 18:22:34 +0000  7010 bytes for ./Payload/SurveyApp.app/assets/src/assets/images/avatars/avatar9@2x.png
2021-02-03 18:22:34 +0000  copying file ./Payload/SurveyApp.app/assets/src/assets/images/avatars/avatar7@3x.png ... 
2021-02-03 18:22:34 +0000  13935 bytes for ./Payload/SurveyApp.app/assets/src/assets/images/avatars/avatar7@3x.png
2021-02-03 18:22:34 +0000  copying file ./Payload/SurveyApp.app/assets/src/assets/images/avatars/avatar8.png ... 
2021-02-03 18:22:34 +0000  3949 bytes for ./Payload/SurveyApp.app/assets/src/assets/images/avatars/avatar8.png
copying file ./Payload/SurveyApp.app/assets/src/assets/images/avatars/avatar5.png ... 
2021-02-03 18:22:34 +0000  4485 bytes for ./Payload/SurveyApp.app/assets/src/assets/images/avatars/avatar5.png
2021-02-03 18:22:34 +0000  copying file ./Payload/SurveyApp.app/assets/src/assets/images/avatars/avatar4.png ... 
2021-02-03 18:22:34 +0000  4345 bytes for ./Payload/SurveyApp.app/assets/src/assets/images/avatars/avatar4.png
2021-02-03 18:22:34 +0000  copying file ./Payload/SurveyApp.app/assets/src/assets/images/avatars/avatar2@3x.png ... 
2021-02-03 18:22:34 +0000  17547 bytes for ./Payload/SurveyApp.app/assets/src/assets/images/avatars/avatar2@3x.png
2021-02-03 18:22:34 +0000  copying file ./Payload/SurveyApp.app/assets/src/assets/images/avatars/avatar6.png ... 
2021-02-03 18:22:34 +0000  5249 bytes for ./Payload/SurveyApp.app/assets/src/assets/images/avatars/avatar6.png
2021-02-03 18:22:34 +0000  copying file ./Payload/SurveyApp.app/assets/src/assets/images/avatars/avatar7.png ... 
2021-02-03 18:22:34 +0000  4018 bytes for ./Payload/SurveyApp.app/assets/src/assets/images/avatars/avatar7.png
copying file ./Payload/SurveyApp.app/assets/src/assets/images/avatars/avatar3.png ... 
2021-02-03 18:22:34 +0000  4774 bytes for ./Payload/SurveyApp.app/assets/src/assets/images/avatars/avatar3.png
copying file ./Payload/SurveyApp.app/assets/src/assets/images/avatars/avatar12.png ... 
2021-02-03 18:22:34 +0000  4396 bytes for ./Payload/SurveyApp.app/assets/src/assets/images/avatars/avatar12.png
copying file ./Payload/SurveyApp.app/assets/src/assets/images/avatars/avatar2.png ... 
2021-02-03 18:22:34 +0000  5141 bytes for ./Payload/SurveyApp.app/assets/src/assets/images/avatars/avatar2.png
copying file ./Payload/SurveyApp.app/assets/src/assets/images/avatars/avatar2@2x.png ... 
2021-02-03 18:22:34 +0000  10882 bytes for ./Payload/SurveyApp.app/assets/src/assets/images/avatars/avatar2@2x.png
copying file ./Payload/SurveyApp.app/assets/src/assets/images/avatars/avatar10.png ... 
2021-02-03 18:22:34 +0000  3766 bytes for ./Payload/SurveyApp.app/assets/src/assets/images/avatars/avatar10.png
copying file ./Payload/SurveyApp.app/assets/src/assets/images/avatars/avatar11.png ... 
2021-02-03 18:22:34 +0000  4131 bytes for ./Payload/SurveyApp.app/assets/src/assets/images/avatars/avatar11.png
copying file ./Payload/SurveyApp.app/assets/src/assets/images/avatars/avatar1.png ... 
2021-02-03 18:22:34 +0000  4144 bytes for ./Payload/SurveyApp.app/assets/src/assets/images/avatars/avatar1.png
copying file ./Payload/SurveyApp.app/assets/src/assets/images/avatars/avatar8@3x.png ... 
2021-02-03 18:22:34 +0000  13471 bytes for ./Payload/SurveyApp.app/assets/src/assets/images/avatars/avatar8@3x.png
copying file ./Payload/SurveyApp.app/assets/src/assets/images/avatars/avatar4@3x.png ... 
2021-02-03 18:22:34 +0000  14936 bytes for ./Payload/SurveyApp.app/assets/src/assets/images/avatars/avatar4@3x.png
copying file ./Payload/SurveyApp.app/assets/src/assets/images/avatars/avatar10@3x.png ... 
2021-02-03 18:22:34 +0000  12680 bytes for ./Payload/SurveyApp.app/assets/src/assets/images/avatars/avatar10@3x.png
copying file ./Payload/SurveyApp.app/assets/src/assets/images/avatars/avatar6@2x.png ... 
2021-02-03 18:22:34 +0000  10826 bytes for ./Payload/SurveyApp.app/assets/src/assets/images/avatars/avatar6@2x.png
copying file ./Payload/SurveyApp.app/assets/src/assets/images/avatars/avatar12@2x.png ... 
2021-02-03 18:22:34 +0000  9138 bytes for ./Payload/SurveyApp.app/assets/src/assets/images/avatars/avatar12@2x.png
copying file ./Payload/SurveyApp.app/assets/src/assets/images/avatars/avatar12@3x.png ... 
2021-02-03 18:22:34 +0000  14495 bytes for ./Payload/SurveyApp.app/assets/src/assets/images/avatars/avatar12@3x.png
copying file ./Payload/SurveyApp.app/assets/src/assets/images/avatars/avatar6@3x.png ... 
2021-02-03 18:22:34 +0000  16942 bytes for ./Payload/SurveyApp.app/assets/src/assets/images/avatars/avatar6@3x.png
copying file ./Payload/SurveyApp.app/assets/src/assets/images/avatars/avatar10@2x.png ... 
2021-02-03 18:22:34 +0000  7980 bytes for ./Payload/SurveyApp.app/assets/src/assets/images/avatars/avatar10@2x.png
copying file ./Payload/SurveyApp.app/assets/src/assets/images/avatars/avatar4@2x.png ... 
2021-02-03 18:22:34 +0000  9287 bytes for ./Payload/SurveyApp.app/assets/src/assets/images/avatars/avatar4@2x.png
copying file ./Payload/SurveyApp.app/assets/src/assets/images/avatars/avatar8@2x.png ... 
2021-02-03 18:22:34 +0000  8419 bytes for ./Payload/SurveyApp.app/assets/src/assets/images/avatars/avatar8@2x.png
2021-02-03 18:22:34 +0000  copying file ./Payload/SurveyApp.app/assets/src/assets/images/quizResultBackground/quizResultBackground@3x.png ... 
2021-02-03 18:22:34 +0000  64961 bytes for ./Payload/SurveyApp.app/assets/src/assets/images/quizResultBackground/quizResultBackground@3x.png
copying file ./Payload/SurveyApp.app/assets/src/assets/images/quizResultBackground/quizResultBackground@2x.png ... 
2021-02-03 18:22:34 +0000  32833 bytes for ./Payload/SurveyApp.app/assets/src/assets/images/quizResultBackground/quizResultBackground@2x.png
copying file ./Payload/SurveyApp.app/assets/src/assets/images/quizResultBackground/quizResultBackground.png ... 
2021-02-03 18:22:34 +0000  11201 bytes for ./Payload/SurveyApp.app/assets/src/assets/images/quizResultBackground/quizResultBackground.png
2021-02-03 18:22:34 +0000  copying file ./Payload/SurveyApp.app/assets/src/assets/icons/circularTick/circularTick.png ... 
2021-02-03 18:22:34 +0000  2048 bytes for ./Payload/SurveyApp.app/assets/src/assets/icons/circularTick/circularTick.png
copying file ./Payload/SurveyApp.app/assets/src/assets/icons/circularTick/circularTick@2x.png ... 
2021-02-03 18:22:34 +0000  4717 bytes for ./Payload/SurveyApp.app/assets/src/assets/icons/circularTick/circularTick@2x.png
copying file ./Payload/SurveyApp.app/assets/src/assets/icons/circularTick/circularTick@3x.png ... 
2021-02-03 18:22:34 +0000  7561 bytes for ./Payload/SurveyApp.app/assets/src/assets/icons/circularTick/circularTick@3x.png
2021-02-03 18:22:34 +0000  copying file ./Payload/SurveyApp.app/assets/src/assets/icons/signupArrowDown/signupArrowDown@3x.png ... 
2021-02-03 18:22:34 +0000  943 bytes for ./Payload/SurveyApp.app/assets/src/assets/icons/signupArrowDown/signupArrowDown@3x.png
2021-02-03 18:22:34 +0000  copying file ./Payload/SurveyApp.app/assets/src/assets/icons/signupArrowDown/signupArrowDown@2x.png ... 
2021-02-03 18:22:34 +0000  620 bytes for ./Payload/SurveyApp.app/assets/src/assets/icons/signupArrowDown/signupArrowDown@2x.png
copying file ./Payload/SurveyApp.app/assets/src/assets/icons/signupArrowDown/signupArrowDown.png ... 
2021-02-03 18:22:34 +0000  287 bytes for ./Payload/SurveyApp.app/assets/src/assets/icons/signupArrowDown/signupArrowDown.png
2021-02-03 18:22:34 +0000  copying file ./Payload/SurveyApp.app/assets/src/assets/icons/back/back@2x.png ... 
2021-02-03 18:22:34 +0000  1173 bytes for ./Payload/SurveyApp.app/assets/src/assets/icons/back/back@2x.png
2021-02-03 18:22:34 +0000  copying file ./Payload/SurveyApp.app/assets/src/assets/icons/back/back@3x.png ... 
2021-02-03 18:22:34 +0000  1687 bytes for ./Payload/SurveyApp.app/assets/src/assets/icons/back/back@3x.png
copying file ./Payload/SurveyApp.app/assets/src/assets/icons/back/back.png ... 
2021-02-03 18:22:34 +0000  541 bytes for ./Payload/SurveyApp.app/assets/src/assets/icons/back/back.png
2021-02-03 18:22:34 +0000  copying file ./Payload/SurveyApp.app/assets/src/assets/icons/carrierCheck/carrierCheck.png ... 
2021-02-03 18:22:34 +0000  325 bytes for ./Payload/SurveyApp.app/assets/src/assets/icons/carrierCheck/carrierCheck.png
copying file ./Payload/SurveyApp.app/assets/src/assets/icons/carrierCheck/carrierCheck@2x.png ... 
2021-02-03 18:22:34 +0000  517 bytes for ./Payload/SurveyApp.app/assets/src/assets/icons/carrierCheck/carrierCheck@2x.png
copying file ./Payload/SurveyApp.app/assets/src/assets/icons/carrierCheck/carrierCheck@3x.png ... 
2021-02-03 18:22:34 +0000  649 bytes for ./Payload/SurveyApp.app/assets/src/assets/icons/carrierCheck/carrierCheck@3x.png
2021-02-03 18:22:34 +0000  copying file ./Payload/SurveyApp.app/assets/src/assets/icons/navigation/navigation@3x.png ... 
2021-02-03 18:22:34 +0000  1143 bytes for ./Payload/SurveyApp.app/assets/src/assets/icons/navigation/navigation@3x.png
2021-02-03 18:22:34 +0000  copying file ./Payload/SurveyApp.app/assets/src/assets/icons/navigation/navigation@2x.png ... 
2021-02-03 18:22:34 +0000  739 bytes for ./Payload/SurveyApp.app/assets/src/assets/icons/navigation/navigation@2x.png
2021-02-03 18:22:34 +0000  copying file ./Payload/SurveyApp.app/assets/src/assets/icons/navigation/navigation.png ... 
333 bytes for ./Payload/SurveyApp.app/assets/src/assets/icons/navigation/navigation.png
2021-02-03 18:22:34 +0000  copying file ./Payload/SurveyApp.app/assets/src/assets/icons/quizCheck/quizCheck@3x.png ... 
517 bytes for ./Payload/SurveyApp.app/assets/src/assets/icons/quizCheck/quizCheck@3x.png
2021-02-03 18:22:34 +0000  copying file ./Payload/SurveyApp.app/assets/src/assets/icons/quizCheck/quizCheck@2x.png ... 
2021-02-03 18:22:34 +0000  395 bytes for ./Payload/SurveyApp.app/assets/src/assets/icons/quizCheck/quizCheck@2x.png
copying file ./Payload/SurveyApp.app/assets/src/assets/icons/quizCheck/quizCheck.png ... 
2021-02-03 18:22:34 +0000  237 bytes for ./Payload/SurveyApp.app/assets/src/assets/icons/quizCheck/quizCheck.png
2021-02-03 18:22:34 +0000  copying file ./Payload/SurveyApp.app/assets/src/assets/icons/quizCheck2/quizCheck2.png ... 
2021-02-03 18:22:34 +0000  363 bytes for ./Payload/SurveyApp.app/assets/src/assets/icons/quizCheck2/quizCheck2.png
copying file ./Payload/SurveyApp.app/assets/src/assets/icons/quizCheck2/quizCheck2@2x.png ... 
2021-02-03 18:22:34 +0000  598 bytes for ./Payload/SurveyApp.app/assets/src/assets/icons/quizCheck2/quizCheck2@2x.png
2021-02-03 18:22:34 +0000  copying file ./Payload/SurveyApp.app/assets/src/assets/icons/quizCheck2/quizCheck2@3x.png ... 
2021-02-03 18:22:34 +0000  868 bytes for ./Payload/SurveyApp.app/assets/src/assets/icons/quizCheck2/quizCheck2@3x.png
2021-02-03 18:22:34 +0000  copying file ./Payload/SurveyApp.app/assets/src/assets/icons/thankYouCoin/thankYouCoin@3x.png ... 
2021-02-03 18:22:34 +0000  13559 bytes for ./Payload/SurveyApp.app/assets/src/assets/icons/thankYouCoin/thankYouCoin@3x.png
copying file ./Payload/SurveyApp.app/assets/src/assets/icons/thankYouCoin/thankYouCoin@2x.png ... 
2021-02-03 18:22:34 +0000  7254 bytes for ./Payload/SurveyApp.app/assets/src/assets/icons/thankYouCoin/thankYouCoin@2x.png
copying file ./Payload/SurveyApp.app/assets/src/assets/icons/thankYouCoin/thankYouCoin.png ... 
2021-02-03 18:22:34 +0000  2706 bytes for ./Payload/SurveyApp.app/assets/src/assets/icons/thankYouCoin/thankYouCoin.png
2021-02-03 18:22:34 +0000  copying file ./Payload/SurveyApp.app/assets/src/assets/icons/dashboardNotification/dashboardNotification@2x.png ... 
2021-02-03 18:22:34 +0000  912 bytes for ./Payload/SurveyApp.app/assets/src/assets/icons/dashboardNotification/dashboardNotification@2x.png
2021-02-03 18:22:34 +0000  copying file ./Payload/SurveyApp.app/assets/src/assets/icons/dashboardNotification/dashboardNotification@3x.png ... 
2021-02-03 18:22:34 +0000  1401 bytes for ./Payload/SurveyApp.app/assets/src/assets/icons/dashboardNotification/dashboardNotification@3x.png
copying file ./Payload/SurveyApp.app/assets/src/assets/icons/dashboardNotification/dashboardNotification.png ... 
2021-02-03 18:22:34 +0000  464 bytes for ./Payload/SurveyApp.app/assets/src/assets/icons/dashboardNotification/dashboardNotification.png
2021-02-03 18:22:34 +0000  copying file ./Payload/SurveyApp.app/assets/src/assets/icons/dashboardCoin/dashboardCoin@2x.png ... 
2021-02-03 18:22:34 +0000  2677 bytes for ./Payload/SurveyApp.app/assets/src/assets/icons/dashboardCoin/dashboardCoin@2x.png
2021-02-03 18:22:34 +0000  copying file ./Payload/SurveyApp.app/assets/src/assets/icons/dashboardCoin/dashboardCoin@3x.png ... 
2021-02-03 18:22:34 +0000  4523 bytes for ./Payload/SurveyApp.app/assets/src/assets/icons/dashboardCoin/dashboardCoin@3x.png
2021-02-03 18:22:34 +0000  copying file ./Payload/SurveyApp.app/assets/src/assets/icons/dashboardCoin/dashboardCoin.png ... 
2021-02-03 18:22:34 +0000  1131 bytes for ./Payload/SurveyApp.app/assets/src/assets/icons/dashboardCoin/dashboardCoin.png
2021-02-03 18:22:34 +0000  copying file ./Payload/SurveyApp.app/assets/src/assets/icons/currency/currency.png ... 
2021-02-03 18:22:34 +0000  4028 bytes for ./Payload/SurveyApp.app/assets/src/assets/icons/currency/currency.png
copying file ./Payload/SurveyApp.app/assets/src/assets/icons/currency/currency@3x.png ... 
2021-02-03 18:22:34 +0000  20222 bytes for ./Payload/SurveyApp.app/assets/src/assets/icons/currency/currency@3x.png
copying file ./Payload/SurveyApp.app/assets/src/assets/icons/currency/currency@2x.png ... 
2021-02-03 18:22:34 +0000  11119 bytes for ./Payload/SurveyApp.app/assets/src/assets/icons/currency/currency@2x.png
2021-02-03 18:22:34 +0000  copying file ./Payload/SurveyApp.app/assets/src/localization/en.json ... 
2021-02-03 18:22:34 +0000  7423 bytes for ./Payload/SurveyApp.app/assets/src/localization/en.json
copying file ./Payload/SurveyApp.app/assets/src/localization/ar.json ... 
2021-02-03 18:22:34 +0000  7342 bytes for ./Payload/SurveyApp.app/assets/src/localization/ar.json
2021-02-03 18:22:34 +0000  copying file ./Payload/SurveyApp.app/Info.plist ... 
2021-02-03 18:22:34 +0000  1424 bytes for ./Payload/SurveyApp.app/Info.plist
copying file ./Payload/SurveyApp.app/PkgInfo ... 
2021-02-03 18:22:34 +0000  8 bytes for ./Payload/SurveyApp.app/PkgInfo
2021-02-03 18:22:34 +0000  /usr/bin/ditto exited with 0
2021-02-03 18:22:34 +0000  Processing step: IDEDistributionAppStoreInformationStep
2021-02-03 18:22:34 +0000  Skipping step: IDEDistributionAppStoreInformationStep because it said so
2021-02-03 18:22:34 +0000  Processing step: IDEDistributionGenerateProcessedDistributionItems
2021-02-03 18:22:34 +0000  Processing step: IDEDistributionCreateManifestStep
